[debug] [2023-10-04T07:31:03.847Z] ----------------------------------------------------------------------
[debug] [2023-10-04T07:31:03.854Z] Command:       C:\Program Files\nodejs\node.exe C:\Users\Faizy's PC\AppData\Roaming\npm\node_modules\firebase-tools\lib\bin\firebase.js init
[debug] [2023-10-04T07:31:03.855Z] CLI Version:   12.6.1
[debug] [2023-10-04T07:31:03.856Z] Platform:      win32
[debug] [2023-10-04T07:31:03.857Z] Node Version:  v18.16.0
[debug] [2023-10-04T07:31:03.860Z] Time:          Wed Oct 04 2023 12:31:03 GMT+0500 (Pakistan Standard Time)
[debug] [2023-10-04T07:31:03.860Z] ----------------------------------------------------------------------
[debug] 
[debug] [2023-10-04T07:31:03.884Z] > command requires scopes: ["email","openid","https://www.googleapis.com/auth/cloudplatformprojects.readonly","https://www.googleapis.com/auth/firebase","https://www.googleapis.com/auth/cloud-platform"]
[debug] [2023-10-04T07:31:03.885Z] > authorizing via signed-in user (faizanabid464@gmail.com)
[info] 
     ######## #### ########  ######## ########     ###     ######  ########
     ##        ##  ##     ## ##       ##     ##  ##   ##  ##       ##
     ######    ##  ########  ######   ########  #########  ######  ######
     ##        ##  ##    ##  ##       ##     ## ##     ##       ## ##
     ##       #### ##     ## ######## ########  ##     ##  ######  ########

You're about to initialize a Firebase project in this directory:

  D:\HSPA\Frontend

[info] 
=== Project Setup
[info] 
[info] First, let's associate this project directory with a Firebase project.
[info] You can create multiple project aliases by running firebase use --add, 
[info] but for now we'll just set up a default project.
[info] 
[debug] [2023-10-04T07:31:23.249Z] >>> [apiv2][query] GET https://firebase.googleapis.com/v1beta1/projects pageSize=100
[debug] [2023-10-04T07:31:24.138Z] <<< [apiv2][status] GET https://firebase.googleapis.com/v1beta1/projects 200
[debug] [2023-10-04T07:31:24.139Z] <<< [apiv2][body] GET https://firebase.googleapis.com/v1beta1/projects [omitted]
[info] i  Using project housingspa-angulae-net (hspa) 
[info] 
=== Hosting Setup
[info] 
[info] Your public directory is the folder (relative to your project directory) that
[info] will contain Hosting assets to be uploaded with firebase deploy. If you
[info] have a build process for your assets, use your build's output directory.
[info] 
[debug] [2023-10-04T08:01:57.293Z] >>> [apiv2][query] GET https://www.gstatic.com/firebasejs/releases.json [none]
[debug] [2023-10-04T08:01:57.602Z] <<< [apiv2][status] GET https://www.gstatic.com/firebasejs/releases.json 200
[debug] [2023-10-04T08:01:57.602Z] <<< [apiv2][body] GET https://www.gstatic.com/firebasejs/releases.json {"current":{"version":"10.4.0","browserURL":"https://www.gstatic.com/firebasejs/10.4.0/firebase.js","packageURL":"https://www.gstatic.com/firebasejs/10.4.0/firebase.tgz"},"live":{"version":"10.4","browserURL":"https://www.gstatic.com/firebasejs/live/10.4/firebase.js","packageURL":"https://www.gstatic.com/firebasejs/live/10.4/firebase.tgz"},"components":{"analytics":"https://www.gstatic.com/firebasejs/10.4.0/firebase-analytics.js","app":"https://www.gstatic.com/firebasejs/10.4.0/firebase-app.js","app-check":"https://www.gstatic.com/firebasejs/10.4.0/firebase-app-check.js","auth":"https://www.gstatic.com/firebasejs/10.4.0/firebase-auth.js","auth/cordova":"https://www.gstatic.com/firebasejs/10.4.0/firebase-auth/cordova.js","functions":"https://www.gstatic.com/firebasejs/10.4.0/firebase-functions.js","firestore":"https://www.gstatic.com/firebasejs/10.4.0/firebase-firestore.js","firestore/lite":"https://www.gstatic.com/firebasejs/10.4.0/firebase-firestore/lite.js","installations":"https://www.gstatic.com/firebasejs/10.4.0/firebase-installations.js","storage":"https://www.gstatic.com/firebasejs/10.4.0/firebase-storage.js","performance":"https://www.gstatic.com/firebasejs/10.4.0/firebase-performance.js","remote-config":"https://www.gstatic.com/firebasejs/10.4.0/firebase-remote-config.js","messaging":"https://www.gstatic.com/firebasejs/10.4.0/firebase-messaging.js","messaging/sw":"https://www.gstatic.com/firebasejs/10.4.0/firebase-messaging/sw.js","database":"https://www.gstatic.com/firebasejs/10.4.0/firebase-database.js","firestore.memory":"https://www.gstatic.com/firebasejs/10.4.0/firebase-firestore.memory.js"}}
[info] i  Skipping write of dist/hspa/index.html 
[info] 
[info] i  Detected a .git folder at D:\HSPA 
[info] i  Authorizing with GitHub to upload your service account to a GitHub repository's secrets store. 
[info] 
[info] Visit this URL on this device to log in:
[info] https://github.com/login/oauth/authorize?client_id=89cf50f02ac6aaed3484&state=233049687&redirect_uri=http%3A%2F%2Flocalhost%3A9005&scope=read%3Auser%20repo%20public_repo
[info] 
[info] Waiting for authentication...
[debug] [2023-10-04T08:02:12.720Z] >>> [apiv2][query] POST https://github.com/login/oauth/access_token [none]
[debug] [2023-10-04T08:02:12.722Z] >>> [apiv2][body] POST https://github.com/login/oauth/access_token [stream]
[debug] [2023-10-04T08:02:13.323Z] <<< [apiv2][status] POST https://github.com/login/oauth/access_token 200
[debug] [2023-10-04T08:02:13.324Z] <<< [apiv2][body] POST https://github.com/login/oauth/access_token {"access_token":"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","token_type":"bearer","scope":"read:user,repo"}
[debug] [2023-10-04T08:02:13.345Z] >>> [apiv2][query] GET https://api.github.com/user [none]
[debug] [2023-10-04T08:02:13.963Z] <<< [apiv2][status] GET https://api.github.com/user 200
[debug] [2023-10-04T08:02:13.964Z] <<< [apiv2][body] GET https://api.github.com/user {"login":"Faizan-Abid","id":94399616,"node_id":"U_kgDOBaBsgA","avatar_url":"https://avatars.githubusercontent.com/u/94399616?v=4","gravatar_id":"","url":"https://api.github.com/users/Faizan-Abid","html_url":"https://github.com/Faizan-Abid","followers_url":"https://api.github.com/users/Faizan-Abid/followers","following_url":"https://api.github.com/users/Faizan-Abid/following{/other_user}","gists_url":"https://api.github.com/users/Faizan-Abid/gists{/gist_id}","starred_url":"https://api.github.com/users/Faizan-Abid/starred{/owner}{/repo}","subscriptions_url":"https://api.github.com/users/Faizan-Abid/subscriptions","organizations_url":"https://api.github.com/users/Faizan-Abid/orgs","repos_url":"https://api.github.com/users/Faizan-Abid/repos","events_url":"https://api.github.com/users/Faizan-Abid/events{/privacy}","received_events_url":"https://api.github.com/users/Faizan-Abid/received_events","type":"User","site_admin":false,"name":null,"company":null,"blog":"","location":null,"email":null,"hireable":null,"bio":null,"twitter_username":null,"public_repos":3,"public_gists":0,"followers":0,"following":0,"created_at":"2021-11-15T19:20:13Z","updated_at":"2023-10-04T08:02:08Z","private_gists":0,"total_private_repos":2,"owned_private_repos":2,"disk_usage":14603,"collaborators":0,"two_factor_authentication":false,"plan":{"name":"free","space":976562499,"collaborators":0,"private_repos":10000}}
[info] 
[info] +  Success! Logged into GitHub as Faizan-Abid 
[info] 
[debug] [2023-10-04T08:02:28.866Z] >>> [apiv2][query] GET https://api.github.com/repos//actions/secrets/public-key type=owner
[debug] [2023-10-04T08:02:29.348Z] <<< [apiv2][status] GET https://api.github.com/repos//actions/secrets/public-key 404
[debug] [2023-10-04T08:02:29.348Z] <<< [apiv2][body] GET https://api.github.com/repos//actions/secrets/public-key {"message":"Not Found","documentation_url":"https://docs.github.com/rest"}
[info] 
[info] 
[error] !  The provided authorization cannot be used with this repository. If this repository is in an organization, did you remember to grant access? 
[info] 
[info] i  Action required: Visit this URL to ensure access has been granted to the appropriate organization(s) for the Firebase CLI GitHub OAuth App: 
[info] https://github.com/settings/connections/applications/89cf50f02ac6aaed3484
[info] 
[debug] [2023-10-04T08:02:53.181Z] >>> [apiv2][query] GET https://api.github.com/repos/HSPA/actions/secrets/public-key type=owner
[debug] [2023-10-04T08:02:53.661Z] <<< [apiv2][status] GET https://api.github.com/repos/HSPA/actions/secrets/public-key 404
[debug] [2023-10-04T08:02:53.661Z] <<< [apiv2][body] GET https://api.github.com/repos/HSPA/actions/secrets/public-key {"message":"Not Found","documentation_url":"https://docs.github.com/rest"}
[info] 
[info] 
[error] !  The provided authorization cannot be used with this repository. If this repository is in an organization, did you remember to grant access? 
[info] 
[info] i  Action required: Visit this URL to ensure access has been granted to the appropriate organization(s) for the Firebase CLI GitHub OAuth App: 
[info] https://github.com/settings/connections/applications/89cf50f02ac6aaed3484
[info] 
